\BOOKMARK [1][-]{section.1}{Breakfast}{}% 1
\BOOKMARK [2][-]{r@cipenumber.1.1}{Granola}{section.1}% 2
\BOOKMARK [2][-]{r@cipenumber.1.2}{Fritatta}{section.1}% 3
\BOOKMARK [2][-]{r@cipenumber.1.3}{Oatmeal}{section.1}% 4
\BOOKMARK [1][-]{section.2}{Soups \046 Stews}{}% 5
\BOOKMARK [2][-]{r@cipenumber.2.1}{Veggie Chili}{section.2}% 6
\BOOKMARK [1][-]{section.3}{Holidays}{}% 7
\BOOKMARK [2][-]{r@cipenumber.3.1}{Apple Matzo Charlotte}{section.3}% 8
\BOOKMARK [2][-]{r@cipenumber.3.2}{Bread Stuffing}{section.3}% 9
\BOOKMARK [2][-]{r@cipenumber.3.3}{Cornbread Stuffing}{section.3}% 10
\BOOKMARK [2][-]{r@cipenumber.3.4}{Cranberry Sauce}{section.3}% 11
\BOOKMARK [2][-]{r@cipenumber.3.5}{Eggnog I}{section.3}% 12
\BOOKMARK [2][-]{r@cipenumber.3.6}{Eggnog II}{section.3}% 13
\BOOKMARK [2][-]{r@cipenumber.3.7}{Orange-Glazed Tofu}{section.3}% 14
\BOOKMARK [1][-]{section.4}{Desserts}{}% 15
\BOOKMARK [2][-]{r@cipenumber.4.1}{Butterscotch Brownies}{section.4}% 16
\BOOKMARK [2][-]{r@cipenumber.4.2}{S'mores Bars}{section.4}% 17
\BOOKMARK [2][-]{r@cipenumber.4.3}{Cookies'n'Cream Bars}{section.4}% 18
\BOOKMARK [2][-]{r@cipenumber.4.4}{Lemon-Blueberry Squares}{section.4}% 19
\BOOKMARK [2][-]{r@cipenumber.4.5}{Oreo Rice Krispie Treats}{section.4}% 20
\BOOKMARK [2][-]{r@cipenumber.4.6}{Mint Chocolate Chip Bars}{section.4}% 21
\BOOKMARK [2][-]{r@cipenumber.4.7}{Watergate Cake}{section.4}% 22
\BOOKMARK [1][-]{section.5}{Menus}{}% 23
\BOOKMARK [2][-]{subsection.5.1}{Thanksgiving}{section.5}% 24
\BOOKMARK [2][-]{subsection.5.2}{Passover}{section.5}% 25
\BOOKMARK [2][-]{subsection.5.3}{Sukkot}{section.5}% 26
\BOOKMARK [1][-]{section.6}{Our Parents' Cooking}{}% 27
